Arguments: 
  /home/benjamin/.nvm/versions/node/v12.18.0/bin/node /home/benjamin/.nvm/versions/node/v12.18.0/bin/yarn

PATH: 
  /home/benjamin/gems/bin:/home/benjamin/.nvm/versions/node/v12.18.0/bin:/home/benjamin/.poetry/bin:/home/benjamin/.local/bin:/usr/local/sbin:/usr/local/bin:/usr/sbin:/usr/bin:/sbin:/bin:/usr/games:/usr/local/games:/snap/bin

Yarn version: 
  1.22.4

Node version: 
  12.18.0

Platform: 
  linux x64

Trace: 
  Error: ENOSPC: no space left on device, copyfile '/home/benjamin/.cache/yarn/v6/npm-postcss-selector-parser-3.1.2-b310f5c4c0fdaf76f94902bbaa30db6aa84f5270-integrity/node_modules/postcss-selector-parser/dist/selectors/guards.js' -> '/home/benjamin/WebstormProjects/original-arithmerace-demo/cloud_functions/node_modules/stylehacks/node_modules/postcss-selector-parser/dist/selectors/guards.js'

npm manifest: 
  {
    "name": "functions",
    "description": "Arithmerace Cloud Functions for Firebase",
    "scripts": {},
    "engines": {
      "node": "12"
    },
    "dependencies": {
      "@nuxtjs/axios": "^5.3.6",
      "cross-env": "^5.2.0",
      "express": "^4.17.1",
      "firebase": "^6.3.0",
      "firebase-admin": "^8.0.0",
      "firebase-functions": "^3.1.0",
      "nuxt": "^2.10.2",
      "nuxt-buefy": "^0.3.2",
      "nuxt-start": "^2.10.2"
    },
    "devDependencies": {
      "eslint": "^5.12.0",
      "eslint-plugin-promise": "^4.0.1",
      "firebase-functions-test": "^0.1.6"
    },
    "private": true
  }

yarn manifest: 
  No manifest

Lockfile: 
  No lockfile
